{"type":"server-started","port":51722,"host":"127.0.0.1","url_host":"localhost","url":"http://localhost:51722","screen_dir":"/Users/aeroaswar/Library/Mobile Documents/com~apple~CloudDocs/AI/.superpowers/brainstorm/24109-1774803053/content","state_dir":"/Users/aeroaswar/Library/Mobile Documents/com~apple~CloudDocs/AI/.superpowers/brainstorm/24109-1774803053/state"}
{"type":"screen-added","file":"/Users/aeroaswar/Library/Mobile Documents/com~apple~CloudDocs/AI/.superpowers/brainstorm/24109-1774803053/content/approaches.html"}
{"type":"screen-updated","file":"/Users/aeroaswar/Library/Mobile Documents/com~apple~CloudDocs/AI/.superpowers/brainstorm/24109-1774803053/content/approaches.html"}
{"type":"screen-updated","file":"/Users/aeroaswar/Library/Mobile Documents/com~apple~CloudDocs/AI/.superpowers/brainstorm/24109-1774803053/content/approaches.html"}
{"type":"screen-updated","file":"/Users/aeroaswar/Library/Mobile Documents/com~apple~CloudDocs/AI/.superpowers/brainstorm/24109-1774803053/content/approaches.html"}
{"type":"screen-updated","file":"/Users/aeroaswar/Library/Mobile Documents/com~apple~CloudDocs/AI/.superpowers/brainstorm/24109-1774803053/content/approaches.html"}
{"type":"screen-added","file":"/Users/aeroaswar/Library/Mobile Documents/com~apple~CloudDocs/AI/.superpowers/brainstorm/24109-1774803053/content/style-options.html"}
{"type":"screen-updated","file":"/Users/aeroaswar/Library/Mobile Documents/com~apple~CloudDocs/AI/.superpowers/brainstorm/24109-1774803053/content/style-options.html"}
{"type":"screen-updated","file":"/Users/aeroaswar/Library/Mobile Documents/com~apple~CloudDocs/AI/.superpowers/brainstorm/24109-1774803053/content/style-options.html"}
{"type":"screen-updated","file":"/Users/aeroaswar/Library/Mobile Documents/com~apple~CloudDocs/AI/.superpowers/brainstorm/24109-1774803053/content/style-options.html"}
{"type":"screen-updated","file":"/Users/aeroaswar/Library/Mobile Documents/com~apple~CloudDocs/AI/.superpowers/brainstorm/24109-1774803053/content/style-options.html"}
{"type":"screen-added","file":"/Users/aeroaswar/Library/Mobile Documents/com~apple~CloudDocs/AI/.superpowers/brainstorm/24109-1774803053/content/approaches-v2.html"}
{"type":"screen-updated","file":"/Users/aeroaswar/Library/Mobile Documents/com~apple~CloudDocs/AI/.superpowers/brainstorm/24109-1774803053/content/approaches-v2.html"}
{"type":"screen-updated","file":"/Users/aeroaswar/Library/Mobile Documents/com~apple~CloudDocs/AI/.superpowers/brainstorm/24109-1774803053/content/approaches-v2.html"}
{"type":"screen-updated","file":"/Users/aeroaswar/Library/Mobile Documents/com~apple~CloudDocs/AI/.superpowers/brainstorm/24109-1774803053/content/approaches-v2.html"}
{"type":"screen-updated","file":"/Users/aeroaswar/Library/Mobile Documents/com~apple~CloudDocs/AI/.superpowers/brainstorm/24109-1774803053/content/approaches-v2.html"}
{"type":"screen-added","file":"/Users/aeroaswar/Library/Mobile Documents/com~apple~CloudDocs/AI/.superpowers/brainstorm/24109-1774803053/content/layout-design.html"}
{"type":"screen-updated","file":"/Users/aeroaswar/Library/Mobile Documents/com~apple~CloudDocs/AI/.superpowers/brainstorm/24109-1774803053/content/layout-design.html"}
{"type":"screen-updated","file":"/Users/aeroaswar/Library/Mobile Documents/com~apple~CloudDocs/AI/.superpowers/brainstorm/24109-1774803053/content/layout-design.html"}
{"type":"screen-updated","file":"/Users/aeroaswar/Library/Mobile Documents/com~apple~CloudDocs/AI/.superpowers/brainstorm/24109-1774803053/content/layout-design.html"}
{"type":"screen-updated","file":"/Users/aeroaswar/Library/Mobile Documents/com~apple~CloudDocs/AI/.superpowers/brainstorm/24109-1774803053/content/layout-design.html"}
{"type":"screen-added","file":"/Users/aeroaswar/Library/Mobile Documents/com~apple~CloudDocs/AI/.superpowers/brainstorm/24109-1774803053/content/architecture.html"}
{"type":"screen-updated","file":"/Users/aeroaswar/Library/Mobile Documents/com~apple~CloudDocs/AI/.superpowers/brainstorm/24109-1774803053/content/architecture.html"}
{"type":"screen-updated","file":"/Users/aeroaswar/Library/Mobile Documents/com~apple~CloudDocs/AI/.superpowers/brainstorm/24109-1774803053/content/architecture.html"}
{"type":"screen-updated","file":"/Users/aeroaswar/Library/Mobile Documents/com~apple~CloudDocs/AI/.superpowers/brainstorm/24109-1774803053/content/architecture.html"}
{"type":"screen-updated","file":"/Users/aeroaswar/Library/Mobile Documents/com~apple~CloudDocs/AI/.superpowers/brainstorm/24109-1774803053/content/architecture.html"}
{"type":"screen-added","file":"/Users/aeroaswar/Library/Mobile Documents/com~apple~CloudDocs/AI/.superpowers/brainstorm/24109-1774803053/content/architecture-v2.html"}
{"type":"screen-updated","file":"/Users/aeroaswar/Library/Mobile Documents/com~apple~CloudDocs/AI/.superpowers/brainstorm/24109-1774803053/content/architecture-v2.html"}
{"type":"screen-updated","file":"/Users/aeroaswar/Library/Mobile Documents/com~apple~CloudDocs/AI/.superpowers/brainstorm/24109-1774803053/content/architecture-v2.html"}
{"type":"screen-updated","file":"/Users/aeroaswar/Library/Mobile Documents/com~apple~CloudDocs/AI/.superpowers/brainstorm/24109-1774803053/content/architecture-v2.html"}
{"type":"screen-updated","file":"/Users/aeroaswar/Library/Mobile Documents/com~apple~CloudDocs/AI/.superpowers/brainstorm/24109-1774803053/content/architecture-v2.html"}
{"type":"screen-added","file":"/Users/aeroaswar/Library/Mobile Documents/com~apple~CloudDocs/AI/.superpowers/brainstorm/24109-1774803053/content/file-ingestion.html"}
{"type":"screen-updated","file":"/Users/aeroaswar/Library/Mobile Documents/com~apple~CloudDocs/AI/.superpowers/brainstorm/24109-1774803053/content/file-ingestion.html"}
{"type":"screen-updated","file":"/Users/aeroaswar/Library/Mobile Documents/com~apple~CloudDocs/AI/.superpowers/brainstorm/24109-1774803053/content/file-ingestion.html"}
{"type":"screen-updated","file":"/Users/aeroaswar/Library/Mobile Documents/com~apple~CloudDocs/AI/.superpowers/brainstorm/24109-1774803053/content/file-ingestion.html"}
{"type":"screen-updated","file":"/Users/aeroaswar/Library/Mobile Documents/com~apple~CloudDocs/AI/.superpowers/brainstorm/24109-1774803053/content/file-ingestion.html"}
{"type":"screen-added","file":"/Users/aeroaswar/Library/Mobile Documents/com~apple~CloudDocs/AI/.superpowers/brainstorm/24109-1774803053/content/auth-roles.html"}
{"type":"screen-updated","file":"/Users/aeroaswar/Library/Mobile Documents/com~apple~CloudDocs/AI/.superpowers/brainstorm/24109-1774803053/content/auth-roles.html"}
{"type":"screen-updated","file":"/Users/aeroaswar/Library/Mobile Documents/com~apple~CloudDocs/AI/.superpowers/brainstorm/24109-1774803053/content/auth-roles.html"}
{"type":"screen-updated","file":"/Users/aeroaswar/Library/Mobile Documents/com~apple~CloudDocs/AI/.superpowers/brainstorm/24109-1774803053/content/auth-roles.html"}
{"type":"screen-updated","file":"/Users/aeroaswar/Library/Mobile Documents/com~apple~CloudDocs/AI/.superpowers/brainstorm/24109-1774803053/content/auth-roles.html"}
{"type":"screen-added","file":"/Users/aeroaswar/Library/Mobile Documents/com~apple~CloudDocs/AI/.superpowers/brainstorm/24109-1774803053/content/waiting.html"}
{"type":"screen-updated","file":"/Users/aeroaswar/Library/Mobile Documents/com~apple~CloudDocs/AI/.superpowers/brainstorm/24109-1774803053/content/waiting.html"}
{"type":"screen-updated","file":"/Users/aeroaswar/Library/Mobile Documents/com~apple~CloudDocs/AI/.superpowers/brainstorm/24109-1774803053/content/waiting.html"}
{"type":"screen-updated","file":"/Users/aeroaswar/Library/Mobile Documents/com~apple~CloudDocs/AI/.superpowers/brainstorm/24109-1774803053/content/waiting.html"}
{"type":"screen-updated","file":"/Users/aeroaswar/Library/Mobile Documents/com~apple~CloudDocs/AI/.superpowers/brainstorm/24109-1774803053/content/waiting.html"}
{"type":"server-stopped","reason":"idle timeout"}
